Controller detected: Unified Virtual HID
	Button count: 0; Axis count: 0

Controller detected: Unified Virtual HID
	Button count: 31; Axis count: 0

Controller detected: Toshiba Hotkey Driver
	Button count: 2; Axis count: 0

Controller detected: Toshiba Hotkey Driver
	Button count: 1; Axis count: 0

Controller detected: Toshiba Hotkey Driver
	Button count: 5; Axis count: 0

Controller detected: USB Receiver
	Button count: 31; Axis count: 0

Controller detected: USB Receiver
	Button count: 0; Axis count: 0

Controller detected: USB Receiver
	Button count: 0; Axis count: 0

No gamepad detected.
Loading resource file: media/puzzleAssets_sheet.png...
Success.
	C:\Users\Mario\git\2016Senior_Project\media\puzzleAssets_sheet.png

Loading resource file: media/blueSheet.png...
Success.
	C:\Users\Mario\git\2016Senior_Project\media\blueSheet.png

Loading resource file: media/greenSheet.png...
Success.
	C:\Users\Mario\git\2016Senior_Project\media\greenSheet.png

Loading resource file: media/redSheet.png...
Success.
	C:\Users\Mario\git\2016Senior_Project\media\redSheet.png

Loading resource file: media/yellowSheet.png...
Success.
	C:\Users\Mario\git\2016Senior_Project\media\yellowSheet.png

Loading resource file: media/greySheet.png...
Success.
	C:\Users\Mario\git\2016Senior_Project\media\greySheet.png

Loading resource file: media/title_68e14f.png...
Success.
	C:\Users\Mario\git\2016Senior_Project\media\title_68e14f.png

Loading resource file: media/UI_Boxes.png...
Success.
	C:\Users\Mario\git\2016Senior_Project\media\UI_Boxes.png

Loading resource file: media/TitleDisplay.png...
Success.
	C:\Users\Mario\git\2016Senior_Project\media\TitleDisplay.png

Loading resource file: media/Mode_Text.png...
Success.
	C:\Users\Mario\git\2016Senior_Project\media\Mode_Text.png

Loading resource file: media/blackoverlay.png...
Success.
	C:\Users\Mario\git\2016Senior_Project\media\blackoverlay.png

Loading resource file: media/numbers_small.png...
Success.
	C:\Users\Mario\git\2016Senior_Project\media\numbers_small.png

Loading resource file: media/tileRed_36_small.png...
Success.
	C:\Users\Mario\git\2016Senior_Project\media\tileRed_36_small.png

Loading resource file: media/sheet_white2x.png...
Success.
	C:\Users\Mario\git\2016Senior_Project\media\sheet_white2x.png

Debug: Loader thread constructor called.
Debug: Loader thread active.
Loading resource file: media/UIpackSheet_transparent.png...
Success.
	C:\Users\Mario\git\2016Senior_Project\media\UIpackSheet_transparent.png

Loading resource file: media/StandardMode_UI.png...
Success.
	C:\Users\Mario\git\2016Senior_Project\media\StandardMode_UI.png

Loading resource file: media/space_bg_1064bfa.png...
Success.
	C:\Users\Mario\git\2016Senior_Project\media\space_bg_1064bfa.png

Loading resource file: media/numbers_sheet_white.png...
Success.
	C:\Users\Mario\git\2016Senior_Project\media\numbers_sheet_white.png

Loading resource file: media/energy_bar_empty.png...
Success.
	C:\Users\Mario\git\2016Senior_Project\media\energy_bar_empty.png

Loading resource file: media/energy_bar.png...
Success.
	C:\Users\Mario\git\2016Senior_Project\media\energy_bar.png

Loading resource file: media/gNextlevel.png...
Success.
	C:\Users\Mario\git\2016Senior_Project\media\gNextlevel.png

Loading resource file: media/game_screen.png...
Success.
	C:\Users\Mario\git\2016Senior_Project\media\game_screen.PNG

Loading resource file: media/Mode_Text.png...
Success.
	C:\Users\Mario\git\2016Senior_Project\media\Mode_Text.png

Loading resource file: media/sheet_white2x.png...
Success.
	C:\Users\Mario\git\2016Senior_Project\media\sheet_white2x.png

Loading resource file: media/image1.png...
Success.
	C:\Users\Mario\git\2016Senior_Project\media\Image1.png

Loading resource file: media/bigsky_cedf10.png...
Success.
	C:\Users\Mario\git\2016Senior_Project\media\bigsky_cedf10.png

